<?xml version="1.0" encoding="UTF-8"?>
<TestRun id="dfac706a-0637-47ad-a6d9-40a8007920e6" name="mperetz@DALAT 2011-01-12 16:27:14" runUser="ATRION\mperetz" xmlns="http://microsoft.com/schemas/VisualStudio/TeamTest/2010">
  <TestSettings name="Local" id="07bedcec-5dff-44b7-b15e-46e5193dd517">
    <Description>These are default test settings for a local test run.</Description>
    <Deployment enabled="false" runDeploymentRoot="mperetz_DALAT 2011-01-12 16_27_14">
      <DeploymentItem filename="c:\Work\DynamicRouterWithDiscovery\DynamicRouterWithDiscovery\Service.Api\bin\Debug\Service.Api.dll" />
    </Deployment>
    <Execution>
      <TestTypeSpecific />
      <AgentRule name="Execution Agents">
      </AgentRule>
    </Execution>
  </TestSettings>
  <Times creation="2011-01-12T16:27:14.0224142-05:00" queuing="2011-01-12T16:27:16.2934142-05:00" start="2011-01-12T16:27:16.4944142-05:00" finish="2011-01-12T16:37:16.7854142-05:00" />
  <ResultSummary outcome="Completed">
    <Counters total="1" executed="1" passed="1" error="0" failed="0" timeout="0" aborted="0" inconclusive="0" passedButRunAborted="0" notRunnable="0" notExecuted="0" disconnected="0" warning="0" completed="0" inProgress="0" pending="0" />
  </ResultSummary>
  <TestDefinitions>
    <UnitTest name="TestRouter" storage="c:\work\dynamicrouterwithdiscovery\dynamicrouterwithdiscovery\testdynamicrouter.cs\bin\debug\testdynamicrouter.cs.dll" id="20f993fa-ac75-eead-0969-ecdbc193e5c3">
      <Execution id="a2dd5d1e-fd33-45a3-8f5b-a9422c5c6eb8" />
      <TestMethod codeBase="C:/Work/DynamicRouterWithDiscovery/DynamicRouterWithDiscovery/TestDynamicRouter.cs/bin/Debug/TestDynamicRouter.cs.DLL" adapterTypeName="Microsoft.VisualStudio.TestTools.TestTypes.Unit.UnitTestAdapter, Microsoft.VisualStudio.QualityTools.Tips.UnitTest.Adapter, Version=10.0.0.0, Culture=neutral, PublicKeyToken=b03f5f7f11d50a3a" className="TestDynamicRouter.cs.TestDynamicRouterUnitTest, TestDynamicRouter.cs, Version=1.0.0.0, Culture=neutral, PublicKeyToken=null" name="TestRouter" />
    </UnitTest>
  </TestDefinitions>
  <TestLists>
    <TestList name="Results Not in a List" id="8c84fa94-04c1-424b-9868-57a2d4851a1d" />
    <TestList name="All Loaded Results" id="19431567-8539-422a-85d7-44ee4e166bda" />
  </TestLists>
  <TestEntries>
    <TestEntry testId="20f993fa-ac75-eead-0969-ecdbc193e5c3" executionId="a2dd5d1e-fd33-45a3-8f5b-a9422c5c6eb8" testListId="8c84fa94-04c1-424b-9868-57a2d4851a1d" />
  </TestEntries>
  <Results>
    <UnitTestResult executionId="a2dd5d1e-fd33-45a3-8f5b-a9422c5c6eb8" testId="20f993fa-ac75-eead-0969-ecdbc193e5c3" testName="TestRouter" computerName="DALAT" duration="00:09:57.9036290" startTime="2011-01-12T16:27:16.6694142-05:00" endTime="2011-01-12T16:37:16.5534142-05:00" testType="13cdc9d9-ddb5-4fa4-a97d-d965ccfc6d4b" outcome="Passed" testListId="8c84fa94-04c1-424b-9868-57a2d4851a1d" relativeResultsDirectory="a2dd5d1e-fd33-45a3-8f5b-a9422c5c6eb8">
    </UnitTestResult>
  </Results>
</TestRun>