<?xml version="1.0" encoding="UTF-8"?>
<TestRun id="e6ffcd3c-9530-45db-bddc-afdde7aa063d" name="mperetz@DALAT 2011-01-16 21:51:42" runUser="ATRION\mperetz" xmlns="http://microsoft.com/schemas/VisualStudio/TeamTest/2010">
  <TestSettings name="Local" id="07bedcec-5dff-44b7-b15e-46e5193dd517">
    <Description>These are default test settings for a local test run.</Description>
    <Deployment enabled="false" runDeploymentRoot="mperetz_DALAT 2011-01-16 21_51_42">
      <DeploymentItem filename="C:\Work\DynamicRouterWithDiscovery\DynamicRouterWithDiscovery\Service.Api\bin\Debug\Service.Api.dll" />
    </Deployment>
    <Execution>
      <TestTypeSpecific />
      <AgentRule name="Execution Agents">
      </AgentRule>
    </Execution>
  </TestSettings>
  <Times creation="2011-01-16T21:51:42.2939880-05:00" queuing="2011-01-16T21:51:42.4549880-05:00" start="2011-01-16T21:51:42.4839880-05:00" finish="2011-01-16T21:51:43.0749880-05:00" />
  <ResultSummary outcome="Completed">
    <Counters total="1" executed="1" passed="1" error="0" failed="0" timeout="0" aborted="0" inconclusive="0" passedButRunAborted="0" notRunnable="0" notExecuted="0" disconnected="0" warning="0" completed="0" inProgress="0" pending="0" />
  </ResultSummary>
  <TestDefinitions>
    <UnitTest name="TestRouter" storage="c:\work\dynamicrouterwithdiscovery\dynamicrouterwithdiscovery\testdynamicrouter.cs\bin\debug\testdynamicrouter.cs.dll" id="20f993fa-ac75-eead-0969-ecdbc193e5c3">
      <Execution id="55f6d2b8-cda5-4d11-9ed6-99e53627be4e" />
      <TestMethod codeBase="c:/Work/DynamicRouterWithDiscovery/DynamicRouterWithDiscovery/TestDynamicRouter.cs/bin/Debug/TestDynamicRouter.cs.DLL" adapterTypeName="Microsoft.VisualStudio.TestTools.TestTypes.Unit.UnitTestAdapter, Microsoft.VisualStudio.QualityTools.Tips.UnitTest.Adapter, Version=10.0.0.0, Culture=neutral, PublicKeyToken=b03f5f7f11d50a3a" className="TestDynamicRouter.cs.TestDynamicRouterUnitTest, TestDynamicRouter.cs, Version=1.0.0.0, Culture=neutral, PublicKeyToken=null" name="TestRouter" />
    </UnitTest>
  </TestDefinitions>
  <TestLists>
    <TestList name="Results Not in a List" id="8c84fa94-04c1-424b-9868-57a2d4851a1d" />
    <TestList name="All Loaded Results" id="19431567-8539-422a-85d7-44ee4e166bda" />
  </TestLists>
  <TestEntries>
    <TestEntry testId="20f993fa-ac75-eead-0969-ecdbc193e5c3" executionId="55f6d2b8-cda5-4d11-9ed6-99e53627be4e" testListId="8c84fa94-04c1-424b-9868-57a2d4851a1d" />
  </TestEntries>
  <Results>
    <UnitTestResult executionId="55f6d2b8-cda5-4d11-9ed6-99e53627be4e" testId="20f993fa-ac75-eead-0969-ecdbc193e5c3" testName="TestRouter" computerName="DALAT" duration="00:00:00.2750172" startTime="2011-01-16T21:51:42.4919880-05:00" endTime="2011-01-16T21:51:42.9989880-05:00" testType="13cdc9d9-ddb5-4fa4-a97d-d965ccfc6d4b" outcome="Passed" testListId="8c84fa94-04c1-424b-9868-57a2d4851a1d" relativeResultsDirectory="55f6d2b8-cda5-4d11-9ed6-99e53627be4e">
    </UnitTestResult>
  </Results>
</TestRun>